[2020-02-27 20:22:26] testing.ERROR: include(/var/www/vendor/composer/../../app/Http/Middleware/CheckForMaintenanceMode.php): failed to open stream: No such file or directory {"exception":"[object] (ErrorException(code: 0): include(/var/www/vendor/composer/../../app/Http/Middleware/CheckForMaintenanceMode.php): failed to open stream: No such file or directory at /var/www/vendor/composer/ClassLoader.php:444)
[stacktrace]
#0 /var/www/vendor/composer/ClassLoader.php(444): Illuminate\\Foundation\\Bootstrap\\HandleExceptions->handleError(2, 'include(/var/ww...', '/var/www/vendor...', 444, Array)
#1 /var/www/vendor/composer/ClassLoader.php(444): include()
#2 /var/www/vendor/composer/ClassLoader.php(322): Composer\\Autoload\\includeFile('/var/www/vendor...')
#3 [internal function]: Composer\\Autoload\\ClassLoader->loadClass('Docuco\\\\Http\\\\Mid...')
#4 [internal function]: spl_autoload_call('Docuco\\\\Http\\\\Mid...')
#5 /var/www/vendor/laravel/framework/src/Illuminate/Container/Container.php(790): ReflectionClass->__construct('Docuco\\\\Http\\\\Mid...')
#6 /var/www/vendor/laravel/framework/src/Illuminate/Container/Container.php(667): Illuminate\\Container\\Container->build('Docuco\\\\Http\\\\Mid...')
#7 /var/www/vendor/laravel/framework/src/Illuminate/Container/Container.php(615): Illuminate\\Container\\Container->resolve('Docuco\\\\Http\\\\Mid...', Array)
#8 /var/www/vendor/laravel/framework/src/Illuminate/Foundation/Application.php(767): Illuminate\\Container\\Container->make('Docuco\\\\Http\\\\Mid...', Array)
#9 /var/www/vendor/laravel/framework/src/Illuminate/Pipeline/Pipeline.php(152): Illuminate\\Foundation\\Application->make('Docuco\\\\Http\\\\Mid...')
#10 /var/www/vendor/laravel/framework/src/Illuminate/Routing/Pipeline.php(53): Illuminate\\Pipeline\\Pipeline->Illuminate\\Pipeline\\{closure}(Object(Illuminate\\Http\\Request))
#11 /var/www/vendor/laravel/framework/src/Illuminate/Pipeline/Pipeline.php(104): Illuminate\\Routing\\Pipeline->Illuminate\\Routing\\{closure}(Object(Illuminate\\Http\\Request))
#12 /var/www/vendor/laravel/framework/src/Illuminate/Foundation/Http/Kernel.php(151): Illuminate\\Pipeline\\Pipeline->then(Object(Closure))
#13 /var/www/vendor/laravel/framework/src/Illuminate/Foundation/Http/Kernel.php(116): Illuminate\\Foundation\\Http\\Kernel->sendRequestThroughRouter(Object(Illuminate\\Http\\Request))
#14 /var/www/vendor/laravel/framework/src/Illuminate/Foundation/Testing/Concerns/MakesHttpRequests.php(347): Illuminate\\Foundation\\Http\\Kernel->handle(Object(Illuminate\\Http\\Request))
#15 /var/www/vendor/laravel/framework/src/Illuminate/Foundation/Testing/Concerns/MakesHttpRequests.php(319): Illuminate\\Foundation\\Testing\\TestCase->call('GET', '/api/', Array, Array, Array, Array, '[]')
#16 /var/www/tests/E2E/WelcomeE2ETest.php(17): Illuminate\\Foundation\\Testing\\TestCase->json('GET', '/api/')
#17 /var/www/vendor/phpunit/phpunit/src/Framework/TestCase.php(1154): Tests\\E2E\\WelcomeE2ETest->testWelcomeToDocucoApi()
#18 /var/www/vendor/phpunit/phpunit/src/Framework/TestCase.php(842): PHPUnit\\Framework\\TestCase->runTest()
#19 /var/www/vendor/phpunit/phpunit/src/Framework/TestResult.php(693): PHPUnit\\Framework\\TestCase->runBare()
#20 /var/www/vendor/phpunit/phpunit/src/Framework/TestCase.php(796): PHPUnit\\Framework\\TestResult->run(Object(Tests\\E2E\\WelcomeE2ETest))
#21 /var/www/vendor/phpunit/phpunit/src/Framework/TestSuite.php(746): PHPUnit\\Framework\\TestCase->run(Object(PHPUnit\\Framework\\TestResult))
#22 /var/www/vendor/phpunit/phpunit/src/Framework/TestSuite.php(746): PHPUnit\\Framework\\TestSuite->run(Object(PHPUnit\\Framework\\TestResult))
#23 /var/www/vendor/phpunit/phpunit/src/Framework/TestSuite.php(746): PHPUnit\\Framework\\TestSuite->run(Object(PHPUnit\\Framework\\TestResult))
#24 /var/www/vendor/phpunit/phpunit/src/TextUI/TestRunner.php(652): PHPUnit\\Framework\\TestSuite->run(Object(PHPUnit\\Framework\\TestResult))
#25 /var/www/vendor/phpunit/phpunit/src/TextUI/Command.php(206): PHPUnit\\TextUI\\TestRunner->doRun(Object(PHPUnit\\Framework\\TestSuite), Array, true)
#26 /var/www/vendor/phpunit/phpunit/src/TextUI/Command.php(162): PHPUnit\\TextUI\\Command->run(Array, true)
#27 /var/www/vendor/phpunit/phpunit/phpunit(61): PHPUnit\\TextUI\\Command::main()
#28 {main}
"} 
[2020-02-27 20:23:01] testing.ERROR: Class Docuco\Http\Middleware\CheckForMaintenanceMode does not exist {"exception":"[object] (ReflectionException(code: -1): Class Docuco\\Http\\Middleware\\CheckForMaintenanceMode does not exist at /var/www/vendor/laravel/framework/src/Illuminate/Container/Container.php:790)
[stacktrace]
#0 /var/www/vendor/laravel/framework/src/Illuminate/Container/Container.php(790): ReflectionClass->__construct('Docuco\\\\Http\\\\Mid...')
#1 /var/www/vendor/laravel/framework/src/Illuminate/Container/Container.php(667): Illuminate\\Container\\Container->build('Docuco\\\\Http\\\\Mid...')
#2 /var/www/vendor/laravel/framework/src/Illuminate/Container/Container.php(615): Illuminate\\Container\\Container->resolve('Docuco\\\\Http\\\\Mid...', Array)
#3 /var/www/vendor/laravel/framework/src/Illuminate/Foundation/Application.php(767): Illuminate\\Container\\Container->make('Docuco\\\\Http\\\\Mid...', Array)
#4 /var/www/vendor/laravel/framework/src/Illuminate/Pipeline/Pipeline.php(152): Illuminate\\Foundation\\Application->make('Docuco\\\\Http\\\\Mid...')
#5 /var/www/vendor/laravel/framework/src/Illuminate/Routing/Pipeline.php(53): Illuminate\\Pipeline\\Pipeline->Illuminate\\Pipeline\\{closure}(Object(Illuminate\\Http\\Request))
#6 /var/www/vendor/laravel/framework/src/Illuminate/Pipeline/Pipeline.php(104): Illuminate\\Routing\\Pipeline->Illuminate\\Routing\\{closure}(Object(Illuminate\\Http\\Request))
#7 /var/www/vendor/laravel/framework/src/Illuminate/Foundation/Http/Kernel.php(151): Illuminate\\Pipeline\\Pipeline->then(Object(Closure))
#8 /var/www/vendor/laravel/framework/src/Illuminate/Foundation/Http/Kernel.php(116): Illuminate\\Foundation\\Http\\Kernel->sendRequestThroughRouter(Object(Illuminate\\Http\\Request))
#9 /var/www/vendor/laravel/framework/src/Illuminate/Foundation/Testing/Concerns/MakesHttpRequests.php(347): Illuminate\\Foundation\\Http\\Kernel->handle(Object(Illuminate\\Http\\Request))
#10 /var/www/vendor/laravel/framework/src/Illuminate/Foundation/Testing/Concerns/MakesHttpRequests.php(319): Illuminate\\Foundation\\Testing\\TestCase->call('GET', '/api/', Array, Array, Array, Array, '[]')
#11 /var/www/tests/E2E/WelcomeE2ETest.php(17): Illuminate\\Foundation\\Testing\\TestCase->json('GET', '/api/')
#12 /var/www/vendor/phpunit/phpunit/src/Framework/TestCase.php(1154): Tests\\E2E\\WelcomeE2ETest->testWelcomeToDocucoApi()
#13 /var/www/vendor/phpunit/phpunit/src/Framework/TestCase.php(842): PHPUnit\\Framework\\TestCase->runTest()
#14 /var/www/vendor/phpunit/phpunit/src/Framework/TestResult.php(693): PHPUnit\\Framework\\TestCase->runBare()
#15 /var/www/vendor/phpunit/phpunit/src/Framework/TestCase.php(796): PHPUnit\\Framework\\TestResult->run(Object(Tests\\E2E\\WelcomeE2ETest))
#16 /var/www/vendor/phpunit/phpunit/src/Framework/TestSuite.php(746): PHPUnit\\Framework\\TestCase->run(Object(PHPUnit\\Framework\\TestResult))
#17 /var/www/vendor/phpunit/phpunit/src/Framework/TestSuite.php(746): PHPUnit\\Framework\\TestSuite->run(Object(PHPUnit\\Framework\\TestResult))
#18 /var/www/vendor/phpunit/phpunit/src/Framework/TestSuite.php(746): PHPUnit\\Framework\\TestSuite->run(Object(PHPUnit\\Framework\\TestResult))
#19 /var/www/vendor/phpunit/phpunit/src/TextUI/TestRunner.php(652): PHPUnit\\Framework\\TestSuite->run(Object(PHPUnit\\Framework\\TestResult))
#20 /var/www/vendor/phpunit/phpunit/src/TextUI/Command.php(206): PHPUnit\\TextUI\\TestRunner->doRun(Object(PHPUnit\\Framework\\TestSuite), Array, true)
#21 /var/www/vendor/phpunit/phpunit/src/TextUI/Command.php(162): PHPUnit\\TextUI\\Command->run(Array, true)
#22 /var/www/vendor/phpunit/phpunit/phpunit(61): PHPUnit\\TextUI\\Command::main()
#23 {main}
"} 
[2020-02-27 20:23:01] testing.ERROR: Cannot declare class App\Http\Middleware\CheckForMaintenanceMode, because the name is already in use {"exception":"[object] (Symfony\\Component\\Debug\\Exception\\FatalErrorException(code: 64): Cannot declare class App\\Http\\Middleware\\CheckForMaintenanceMode, because the name is already in use at /var/www/app/Http/Middleware/CheckForMaintenanceMode.php:17)
[stacktrace]
#0 /var/www/vendor/laravel/framework/src/Illuminate/Foundation/Bootstrap/HandleExceptions.php(137): Symfony\\Component\\Debug\\Exception\\FatalErrorException->__construct()
#1 /var/www/vendor/laravel/framework/src/Illuminate/Foundation/Bootstrap/HandleExceptions.php(123): Illuminate\\Foundation\\Bootstrap\\HandleExceptions->fatalExceptionFromError()
#2 /var/www/vendor/laravel/framework/src/Illuminate/Foundation/Bootstrap/HandleExceptions.php(0): Illuminate\\Foundation\\Bootstrap\\HandleExceptions->handleShutdown()
#3 /var/www/vendor/composer/ClassLoader.php(322): Composer\\Autoload\\includeFile()
#4 /var/www/vendor/laravel/framework/src/Illuminate/Container/Container.php(790): Composer\\Autoload\\ClassLoader->loadClass()
#5 /var/www/vendor/laravel/framework/src/Illuminate/Container/Container.php(790): spl_autoload_call()
#6 /var/www/vendor/laravel/framework/src/Illuminate/Container/Container.php(790): ReflectionClass->__construct()
#7 /var/www/vendor/laravel/framework/src/Illuminate/Container/Container.php(667): Illuminate\\Foundation\\Application->build()
#8 /var/www/vendor/laravel/framework/src/Illuminate/Container/Container.php(615): Illuminate\\Foundation\\Application->resolve()
#9 /var/www/vendor/laravel/framework/src/Illuminate/Foundation/Application.php(767): Illuminate\\Foundation\\Application->make()
#10 /var/www/vendor/laravel/framework/src/Illuminate/Foundation/Http/Kernel.php(215): Illuminate\\Foundation\\Application->make()
#11 /var/www/vendor/laravel/framework/src/Illuminate/Foundation/Http/Kernel.php(189): Docuco\\Http\\Kernel->terminateMiddleware()
#12 /var/www/vendor/laravel/framework/src/Illuminate/Foundation/Testing/Concerns/MakesHttpRequests.php(354): Docuco\\Http\\Kernel->terminate()
#13 /var/www/vendor/laravel/framework/src/Illuminate/Foundation/Testing/Concerns/MakesHttpRequests.php(319): Tests\\E2E\\WelcomeE2ETest->call()
#14 /var/www/tests/E2E/WelcomeE2ETest.php(17): Tests\\E2E\\WelcomeE2ETest->json()
#15 /var/www/vendor/phpunit/phpunit/src/Framework/TestCase.php(1154): Tests\\E2E\\WelcomeE2ETest->testWelcomeToDocucoApi()
#16 /var/www/vendor/phpunit/phpunit/src/Framework/TestCase.php(842): Tests\\E2E\\WelcomeE2ETest->runTest()
#17 /var/www/vendor/phpunit/phpunit/src/Framework/TestResult.php(693): Tests\\E2E\\WelcomeE2ETest->runBare()
#18 /var/www/vendor/phpunit/phpunit/src/Framework/TestCase.php(796): PHPUnit\\Framework\\TestResult->run()
#19 /var/www/vendor/phpunit/phpunit/src/Framework/TestSuite.php(746): Tests\\E2E\\WelcomeE2ETest->run()
#20 /var/www/vendor/phpunit/phpunit/src/Framework/TestSuite.php(746): PHPUnit\\Framework\\TestSuite->run()
#21 /var/www/vendor/phpunit/phpunit/src/Framework/TestSuite.php(746): PHPUnit\\Framework\\TestSuite->run()
#22 /var/www/vendor/phpunit/phpunit/src/TextUI/TestRunner.php(652): PHPUnit\\Framework\\TestSuite->run()
#23 /var/www/vendor/phpunit/phpunit/src/TextUI/Command.php(206): PHPUnit\\TextUI\\TestRunner->doRun()
#24 /var/www/vendor/phpunit/phpunit/src/TextUI/Command.php(162): PHPUnit\\TextUI\\Command->run()
#25 /var/www/vendor/phpunit/phpunit/phpunit(61): PHPUnit\\TextUI\\Command::main()
#26 /var/www/vendor/phpunit/phpunit/phpunit(0): {main}()
#27 {main}
"} 
[2020-02-27 20:23:37] testing.ERROR: include(/var/www/vendor/composer/../../app/Http/Middleware/TrimStrings.php): failed to open stream: No such file or directory {"exception":"[object] (ErrorException(code: 0): include(/var/www/vendor/composer/../../app/Http/Middleware/TrimStrings.php): failed to open stream: No such file or directory at /var/www/vendor/composer/ClassLoader.php:444)
[stacktrace]
#0 /var/www/vendor/composer/ClassLoader.php(444): Illuminate\\Foundation\\Bootstrap\\HandleExceptions->handleError(2, 'include(/var/ww...', '/var/www/vendor...', 444, Array)
#1 /var/www/vendor/composer/ClassLoader.php(444): include()
#2 /var/www/vendor/composer/ClassLoader.php(322): Composer\\Autoload\\includeFile('/var/www/vendor...')
#3 [internal function]: Composer\\Autoload\\ClassLoader->loadClass('Docuco\\\\Http\\\\Mid...')
#4 [internal function]: spl_autoload_call('Docuco\\\\Http\\\\Mid...')
#5 /var/www/vendor/laravel/framework/src/Illuminate/Container/Container.php(790): ReflectionClass->__construct('Docuco\\\\Http\\\\Mid...')
#6 /var/www/vendor/laravel/framework/src/Illuminate/Container/Container.php(667): Illuminate\\Container\\Container->build('Docuco\\\\Http\\\\Mid...')
#7 /var/www/vendor/laravel/framework/src/Illuminate/Container/Container.php(615): Illuminate\\Container\\Container->resolve('Docuco\\\\Http\\\\Mid...', Array)
#8 /var/www/vendor/laravel/framework/src/Illuminate/Foundation/Application.php(767): Illuminate\\Container\\Container->make('Docuco\\\\Http\\\\Mid...', Array)
#9 /var/www/vendor/laravel/framework/src/Illuminate/Pipeline/Pipeline.php(152): Illuminate\\Foundation\\Application->make('Docuco\\\\Http\\\\Mid...')
#10 /var/www/vendor/laravel/framework/src/Illuminate/Routing/Pipeline.php(53): Illuminate\\Pipeline\\Pipeline->Illuminate\\Pipeline\\{closure}(Object(Illuminate\\Http\\Request))
#11 /var/www/vendor/laravel/framework/src/Illuminate/Foundation/Http/Middleware/ValidatePostSize.php(27): Illuminate\\Routing\\Pipeline->Illuminate\\Routing\\{closure}(Object(Illuminate\\Http\\Request))
#12 /var/www/vendor/laravel/framework/src/Illuminate/Pipeline/Pipeline.php(163): Illuminate\\Foundation\\Http\\Middleware\\ValidatePostSize->handle(Object(Illuminate\\Http\\Request), Object(Closure))
#13 /var/www/vendor/laravel/framework/src/Illuminate/Routing/Pipeline.php(53): Illuminate\\Pipeline\\Pipeline->Illuminate\\Pipeline\\{closure}(Object(Illuminate\\Http\\Request))
#14 /var/www/vendor/laravel/framework/src/Illuminate/Foundation/Http/Middleware/CheckForMaintenanceMode.php(62): Illuminate\\Routing\\Pipeline->Illuminate\\Routing\\{closure}(Object(Illuminate\\Http\\Request))
#15 /var/www/vendor/laravel/framework/src/Illuminate/Pipeline/Pipeline.php(163): Illuminate\\Foundation\\Http\\Middleware\\CheckForMaintenanceMode->handle(Object(Illuminate\\Http\\Request), Object(Closure))
#16 /var/www/vendor/laravel/framework/src/Illuminate/Routing/Pipeline.php(53): Illuminate\\Pipeline\\Pipeline->Illuminate\\Pipeline\\{closure}(Object(Illuminate\\Http\\Request))
#17 /var/www/vendor/laravel/framework/src/Illuminate/Pipeline/Pipeline.php(104): Illuminate\\Routing\\Pipeline->Illuminate\\Routing\\{closure}(Object(Illuminate\\Http\\Request))
#18 /var/www/vendor/laravel/framework/src/Illuminate/Foundation/Http/Kernel.php(151): Illuminate\\Pipeline\\Pipeline->then(Object(Closure))
#19 /var/www/vendor/laravel/framework/src/Illuminate/Foundation/Http/Kernel.php(116): Illuminate\\Foundation\\Http\\Kernel->sendRequestThroughRouter(Object(Illuminate\\Http\\Request))
#20 /var/www/vendor/laravel/framework/src/Illuminate/Foundation/Testing/Concerns/MakesHttpRequests.php(347): Illuminate\\Foundation\\Http\\Kernel->handle(Object(Illuminate\\Http\\Request))
#21 /var/www/vendor/laravel/framework/src/Illuminate/Foundation/Testing/Concerns/MakesHttpRequests.php(319): Illuminate\\Foundation\\Testing\\TestCase->call('GET', '/api/', Array, Array, Array, Array, '[]')
#22 /var/www/tests/E2E/WelcomeE2ETest.php(17): Illuminate\\Foundation\\Testing\\TestCase->json('GET', '/api/')
#23 /var/www/vendor/phpunit/phpunit/src/Framework/TestCase.php(1154): Tests\\E2E\\WelcomeE2ETest->testWelcomeToDocucoApi()
#24 /var/www/vendor/phpunit/phpunit/src/Framework/TestCase.php(842): PHPUnit\\Framework\\TestCase->runTest()
#25 /var/www/vendor/phpunit/phpunit/src/Framework/TestResult.php(693): PHPUnit\\Framework\\TestCase->runBare()
#26 /var/www/vendor/phpunit/phpunit/src/Framework/TestCase.php(796): PHPUnit\\Framework\\TestResult->run(Object(Tests\\E2E\\WelcomeE2ETest))
#27 /var/www/vendor/phpunit/phpunit/src/Framework/TestSuite.php(746): PHPUnit\\Framework\\TestCase->run(Object(PHPUnit\\Framework\\TestResult))
#28 /var/www/vendor/phpunit/phpunit/src/Framework/TestSuite.php(746): PHPUnit\\Framework\\TestSuite->run(Object(PHPUnit\\Framework\\TestResult))
#29 /var/www/vendor/phpunit/phpunit/src/Framework/TestSuite.php(746): PHPUnit\\Framework\\TestSuite->run(Object(PHPUnit\\Framework\\TestResult))
#30 /var/www/vendor/phpunit/phpunit/src/TextUI/TestRunner.php(652): PHPUnit\\Framework\\TestSuite->run(Object(PHPUnit\\Framework\\TestResult))
#31 /var/www/vendor/phpunit/phpunit/src/TextUI/Command.php(206): PHPUnit\\TextUI\\TestRunner->doRun(Object(PHPUnit\\Framework\\TestSuite), Array, true)
#32 /var/www/vendor/phpunit/phpunit/src/TextUI/Command.php(162): PHPUnit\\TextUI\\Command->run(Array, true)
#33 /var/www/vendor/phpunit/phpunit/phpunit(61): PHPUnit\\TextUI\\Command::main()
#34 {main}
"} 
[2020-02-27 20:23:57] testing.ERROR: include(/var/www/vendor/composer/../../app/Http/Middleware/TrustProxies.php): failed to open stream: No such file or directory {"exception":"[object] (ErrorException(code: 0): include(/var/www/vendor/composer/../../app/Http/Middleware/TrustProxies.php): failed to open stream: No such file or directory at /var/www/vendor/composer/ClassLoader.php:444)
[stacktrace]
#0 /var/www/vendor/composer/ClassLoader.php(444): Illuminate\\Foundation\\Bootstrap\\HandleExceptions->handleError(2, 'include(/var/ww...', '/var/www/vendor...', 444, Array)
#1 /var/www/vendor/composer/ClassLoader.php(444): include()
#2 /var/www/vendor/composer/ClassLoader.php(322): Composer\\Autoload\\includeFile('/var/www/vendor...')
#3 [internal function]: Composer\\Autoload\\ClassLoader->loadClass('Docuco\\\\Http\\\\Mid...')
#4 [internal function]: spl_autoload_call('Docuco\\\\Http\\\\Mid...')
#5 /var/www/vendor/laravel/framework/src/Illuminate/Container/Container.php(790): ReflectionClass->__construct('Docuco\\\\Http\\\\Mid...')
#6 /var/www/vendor/laravel/framework/src/Illuminate/Container/Container.php(667): Illuminate\\Container\\Container->build('Docuco\\\\Http\\\\Mid...')
#7 /var/www/vendor/laravel/framework/src/Illuminate/Container/Container.php(615): Illuminate\\Container\\Container->resolve('Docuco\\\\Http\\\\Mid...', Array)
#8 /var/www/vendor/laravel/framework/src/Illuminate/Foundation/Application.php(767): Illuminate\\Container\\Container->make('Docuco\\\\Http\\\\Mid...', Array)
#9 /var/www/vendor/laravel/framework/src/Illuminate/Pipeline/Pipeline.php(152): Illuminate\\Foundation\\Application->make('Docuco\\\\Http\\\\Mid...')
#10 /var/www/vendor/laravel/framework/src/Illuminate/Routing/Pipeline.php(53): Illuminate\\Pipeline\\Pipeline->Illuminate\\Pipeline\\{closure}(Object(Illuminate\\Http\\Request))
#11 /var/www/vendor/laravel/framework/src/Illuminate/Foundation/Http/Middleware/TransformsRequest.php(21): Illuminate\\Routing\\Pipeline->Illuminate\\Routing\\{closure}(Object(Illuminate\\Http\\Request))
#12 /var/www/vendor/laravel/framework/src/Illuminate/Pipeline/Pipeline.php(163): Illuminate\\Foundation\\Http\\Middleware\\TransformsRequest->handle(Object(Illuminate\\Http\\Request), Object(Closure))
#13 /var/www/vendor/laravel/framework/src/Illuminate/Routing/Pipeline.php(53): Illuminate\\Pipeline\\Pipeline->Illuminate\\Pipeline\\{closure}(Object(Illuminate\\Http\\Request))
#14 /var/www/vendor/laravel/framework/src/Illuminate/Foundation/Http/Middleware/TransformsRequest.php(21): Illuminate\\Routing\\Pipeline->Illuminate\\Routing\\{closure}(Object(Illuminate\\Http\\Request))
#15 /var/www/vendor/laravel/framework/src/Illuminate/Pipeline/Pipeline.php(163): Illuminate\\Foundation\\Http\\Middleware\\TransformsRequest->handle(Object(Illuminate\\Http\\Request), Object(Closure))
#16 /var/www/vendor/laravel/framework/src/Illuminate/Routing/Pipeline.php(53): Illuminate\\Pipeline\\Pipeline->Illuminate\\Pipeline\\{closure}(Object(Illuminate\\Http\\Request))
#17 /var/www/vendor/laravel/framework/src/Illuminate/Foundation/Http/Middleware/ValidatePostSize.php(27): Illuminate\\Routing\\Pipeline->Illuminate\\Routing\\{closure}(Object(Illuminate\\Http\\Request))
#18 /var/www/vendor/laravel/framework/src/Illuminate/Pipeline/Pipeline.php(163): Illuminate\\Foundation\\Http\\Middleware\\ValidatePostSize->handle(Object(Illuminate\\Http\\Request), Object(Closure))
#19 /var/www/vendor/laravel/framework/src/Illuminate/Routing/Pipeline.php(53): Illuminate\\Pipeline\\Pipeline->Illuminate\\Pipeline\\{closure}(Object(Illuminate\\Http\\Request))
#20 /var/www/vendor/laravel/framework/src/Illuminate/Foundation/Http/Middleware/CheckForMaintenanceMode.php(62): Illuminate\\Routing\\Pipeline->Illuminate\\Routing\\{closure}(Object(Illuminate\\Http\\Request))
#21 /var/www/vendor/laravel/framework/src/Illuminate/Pipeline/Pipeline.php(163): Illuminate\\Foundation\\Http\\Middleware\\CheckForMaintenanceMode->handle(Object(Illuminate\\Http\\Request), Object(Closure))
#22 /var/www/vendor/laravel/framework/src/Illuminate/Routing/Pipeline.php(53): Illuminate\\Pipeline\\Pipeline->Illuminate\\Pipeline\\{closure}(Object(Illuminate\\Http\\Request))
#23 /var/www/vendor/laravel/framework/src/Illuminate/Pipeline/Pipeline.php(104): Illuminate\\Routing\\Pipeline->Illuminate\\Routing\\{closure}(Object(Illuminate\\Http\\Request))
#24 /var/www/vendor/laravel/framework/src/Illuminate/Foundation/Http/Kernel.php(151): Illuminate\\Pipeline\\Pipeline->then(Object(Closure))
#25 /var/www/vendor/laravel/framework/src/Illuminate/Foundation/Http/Kernel.php(116): Illuminate\\Foundation\\Http\\Kernel->sendRequestThroughRouter(Object(Illuminate\\Http\\Request))
#26 /var/www/vendor/laravel/framework/src/Illuminate/Foundation/Testing/Concerns/MakesHttpRequests.php(347): Illuminate\\Foundation\\Http\\Kernel->handle(Object(Illuminate\\Http\\Request))
#27 /var/www/vendor/laravel/framework/src/Illuminate/Foundation/Testing/Concerns/MakesHttpRequests.php(319): Illuminate\\Foundation\\Testing\\TestCase->call('GET', '/api/', Array, Array, Array, Array, '[]')
#28 /var/www/tests/E2E/WelcomeE2ETest.php(17): Illuminate\\Foundation\\Testing\\TestCase->json('GET', '/api/')
#29 /var/www/vendor/phpunit/phpunit/src/Framework/TestCase.php(1154): Tests\\E2E\\WelcomeE2ETest->testWelcomeToDocucoApi()
#30 /var/www/vendor/phpunit/phpunit/src/Framework/TestCase.php(842): PHPUnit\\Framework\\TestCase->runTest()
#31 /var/www/vendor/phpunit/phpunit/src/Framework/TestResult.php(693): PHPUnit\\Framework\\TestCase->runBare()
#32 /var/www/vendor/phpunit/phpunit/src/Framework/TestCase.php(796): PHPUnit\\Framework\\TestResult->run(Object(Tests\\E2E\\WelcomeE2ETest))
#33 /var/www/vendor/phpunit/phpunit/src/Framework/TestSuite.php(746): PHPUnit\\Framework\\TestCase->run(Object(PHPUnit\\Framework\\TestResult))
#34 /var/www/vendor/phpunit/phpunit/src/Framework/TestSuite.php(746): PHPUnit\\Framework\\TestSuite->run(Object(PHPUnit\\Framework\\TestResult))
#35 /var/www/vendor/phpunit/phpunit/src/Framework/TestSuite.php(746): PHPUnit\\Framework\\TestSuite->run(Object(PHPUnit\\Framework\\TestResult))
#36 /var/www/vendor/phpunit/phpunit/src/TextUI/TestRunner.php(652): PHPUnit\\Framework\\TestSuite->run(Object(PHPUnit\\Framework\\TestResult))
#37 /var/www/vendor/phpunit/phpunit/src/TextUI/Command.php(206): PHPUnit\\TextUI\\TestRunner->doRun(Object(PHPUnit\\Framework\\TestSuite), Array, true)
#38 /var/www/vendor/phpunit/phpunit/src/TextUI/Command.php(162): PHPUnit\\TextUI\\Command->run(Array, true)
#39 /var/www/vendor/phpunit/phpunit/phpunit(61): PHPUnit\\TextUI\\Command::main()
#40 {main}
"} 
